Flutter Front-End/UPOX-FE/build/app/intermediates/manifest_merge_blame_file/debug/manifest-merger-blame-debug-report.txt
1<?xml version="1.0" encoding="utf-8"?>
2<manifest xmlns:android="http://schemas.android.com/apk/res/android"
3    package="com.example.first_app"
4    android:versionCode="1"
5    android:versionName="1.0.0" >
6
7    <uses-sdk
8        android:minSdkVersion="21"
9        android:targetSdkVersion="35" />
10    <!--
11         The INTERNET permission is required for development. Specifically,
12         the Flutter tool needs it to communicate with the running application
13         to allow setting breakpoints, to provide hot reload, etc.
14    -->
15    <uses-permission android:name="android.permission.INTERNET" />
15-->src\debug\AndroidManifest.xml:6:5-66
15-->src\debug\AndroidManifest.xml:6:22-64
16    <uses-permission android:name="android.permission.ACCESS_NETWORK_STATE" />
16-->src\debug\AndroidManifest.xml:7:5-79
16-->src\debug\AndroidManifest.xml:7:22-76
17    <uses-permission android:name="android.permission.ACCESS_FINE_LOCATION" />
17-->src\main\AndroidManifest.xml:2:5-79
17-->src\main\AndroidManifest.xml:2:22-76
18    <uses-permission android:name="android.permission.ACCESS_COARSE_LOCATION" />
18-->src\main\AndroidManifest.xml:3:5-81
18-->src\main\AndroidManifest.xml:3:22-78
19    <uses-permission android:name="android.permission.RECEIVE_BOOT_COMPLETED" />
19-->src\main\AndroidManifest.xml:4:5-81
19-->src\main\AndroidManifest.xml:4:22-78
20    <uses-permission android:name="com.google.android.c2dm.permission.RECEIVE" />
20-->src\main\AndroidManifest.xml:5:5-82
20-->src\main\AndroidManifest.xml:5:22-79
21    <!--
22 Required to query activities that can process text, see:
23         https://developer.android.com/training/package-visibility and
24         https://developer.android.com/reference/android/content/Intent#ACTION_PROCESS_TEXT.
25
26         In particular, this is used by the Flutter engine in io.flutter.plugin.text.ProcessTextPlugin.
27    -->
28    <queries>
28-->src\main\AndroidManifest.xml:54:5-59:15
29        <intent>
29-->src\main\AndroidManifest.xml:55:9-58:18
30            <action android:name="android.intent.action.PROCESS_TEXT" />
30-->src\main\AndroidManifest.xml:56:13-72
30-->src\main\AndroidManifest.xml:56:21-70
31
32            <data android:mimeType="text/plain" />
32-->src\main\AndroidManifest.xml:57:13-50
32-->src\main\AndroidManifest.xml:57:19-48
33        </intent>
34    </queries>
35
36    <uses-permission android:name="android.permission.WAKE_LOCK" /> <!-- Permissions options for the `notification` group -->
36-->[:firebase_messaging] AndroidManifest.xml:8:5-68
36-->[:firebase_messaging] AndroidManifest.xml:8:22-65
37    <uses-permission android:name="android.permission.POST_NOTIFICATIONS" />
37-->[:firebase_messaging] AndroidManifest.xml:11:5-77
37-->[:firebase_messaging] AndroidManifest.xml:11:22-74
38    <uses-permission android:name="android.permission.VIBRATE" />
38-->[:flutter_local_notifications] AndroidManifest.xml:7:5-66
38-->[:flutter_local_notifications] AndroidManifest.xml:7:22-63
39    <uses-permission android:name="com.google.android.gms.permission.AD_ID" />
39-->[com.google.android.gms:play-services-measurement-api:22.1.2] AndroidManifest.xml:25:5-79
39-->[com.google.android.gms:play-services-measurement-api:22.1.2] AndroidManifest.xml:25:22-76
40    <uses-permission android:name="android.permission.ACCESS_ADSERVICES_ATTRIBUTION" />
40-->[com.google.android.gms:play-services-measurement-api:22.1.2] AndroidManifest.xml:26:5-88
40-->[com.google.android.gms:play-services-measurement-api:22.1.2] AndroidManifest.xml:26:22-85
41    <uses-permission android:name="android.permission.ACCESS_ADSERVICES_AD_ID" />
41-->[com.google.android.gms:play-services-measurement-api:22.1.2] AndroidManifest.xml:27:5-82
41-->[com.google.android.gms:play-services-measurement-api:22.1.2] AndroidManifest.xml:27:22-79
42    <uses-permission android:name="com.google.android.finsky.permission.BIND_GET_INSTALL_REFERRER_SERVICE" />
42-->[com.google.android.gms:play-services-measurement:22.1.2] AndroidManifest.xml:26:5-110
42-->[com.google.android.gms:play-services-measurement:22.1.2] AndroidManifest.xml:26:22-107
43
44    <permission
44-->[androidx.core:core:1.13.1] AndroidManifest.xml:22:5-24:47
45        android:name="com.example.first_app.DYNAMIC_RECEIVER_NOT_EXPORTED_PERMISSION"
45-->[androidx.core:core:1.13.1] AndroidManifest.xml:23:9-81
46        android:protectionLevel="signature" />
46-->[androidx.core:core:1.13.1] AndroidManifest.xml:24:9-44
47
48    <uses-permission android:name="com.example.first_app.DYNAMIC_RECEIVER_NOT_EXPORTED_PERMISSION" />
48-->[androidx.core:core:1.13.1] AndroidManifest.xml:26:5-97
48-->[androidx.core:core:1.13.1] AndroidManifest.xml:26:22-94
49
50    <application
51        android:name="android.app.Application"
52        android:appComponentFactory="androidx.core.app.CoreComponentFactory"
52-->[androidx.core:core:1.13.1] AndroidManifest.xml:28:18-86
53        android:debuggable="true"
54        android:extractNativeLibs="true"
55        android:icon="@mipmap/launcher_icon"
56        android:label="UPOX" >
57        <activity
58            android:name="com.example.first_app.MainActivity"
59            android:configChanges="orientation|keyboardHidden|keyboard|screenSize|smallestScreenSize|locale|layoutDirection|fontScale|screenLayout|density|uiMode"
60            android:exported="true"
61            android:hardwareAccelerated="true"
62            android:launchMode="singleTop"
63            android:taskAffinity=""
64            android:theme="@style/LaunchTheme"
65            android:windowSoftInputMode="adjustResize" >
66
67            <!--
68                 Specifies an Android theme to apply to this Activity as soon as
69                 the Android process has started. This theme is visible to the user
70                 while the Flutter UI initializes. After that, this theme continues
71                 to determine the Window background behind the Flutter UI.
72            -->
73            <meta-data
74                android:name="io.flutter.embedding.android.NormalTheme"
75                android:resource="@style/NormalTheme" />
76            <meta-data
77                android:name="io.flutter.embedding.android.SplashScreenDrawable"
78                android:resource="@drawable/launch_background" />
79            <meta-data
80                android:name="com.google.firebase.messaging.default_notification_icon"
81                android:resource="@drawable/app_icon_600" />
82
83            <intent-filter>
84                <action android:name="android.intent.action.MAIN" />
85
86                <category android:name="android.intent.category.LAUNCHER" />
87            </intent-filter>
88        </activity>
89        <!--
90             Don't delete the meta-data below.
91             This is used by the Flutter tool to generate GeneratedPluginRegistrant.java
92        -->
93        <meta-data
94            android:name="flutterEmbedding"
95            android:value="2" />
96
97        <service
97-->[:firebase_messaging] AndroidManifest.xml:14:9-17:72
98            android:name="io.flutter.plugins.firebase.messaging.FlutterFirebaseMessagingBackgroundService"
98-->[:firebase_messaging] AndroidManifest.xml:15:13-107
99            android:exported="false"
99-->[:firebase_messaging] AndroidManifest.xml:16:13-37
100            android:permission="android.permission.BIND_JOB_SERVICE" />
100-->[:firebase_messaging] AndroidManifest.xml:17:13-69
101        <service
101-->[:firebase_messaging] AndroidManifest.xml:18:9-24:19
102            android:name="io.flutter.plugins.firebase.messaging.FlutterFirebaseMessagingService"
102-->[:firebase_messaging] AndroidManifest.xml:19:13-97
103            android:exported="false" >
103-->[:firebase_messaging] AndroidManifest.xml:20:13-37
104            <intent-filter>
104-->[:firebase_messaging] AndroidManifest.xml:21:13-23:29
105                <action android:name="com.google.firebase.MESSAGING_EVENT" />
105-->[:firebase_messaging] AndroidManifest.xml:22:17-78
105-->[:firebase_messaging] AndroidManifest.xml:22:25-75
106            </intent-filter>
107        </service>
108
109        <receiver
109-->[:firebase_messaging] AndroidManifest.xml:26:9-33:20
110            android:name="io.flutter.plugins.firebase.messaging.FlutterFirebaseMessagingReceiver"
110-->[:firebase_messaging] AndroidManifest.xml:27:13-98
111            android:exported="true"
111-->[:firebase_messaging] AndroidManifest.xml:28:13-36
112            android:permission="com.google.android.c2dm.permission.SEND" >
112-->[:firebase_messaging] AndroidManifest.xml:29:13-73
113            <intent-filter>
113-->[:firebase_messaging] AndroidManifest.xml:30:13-32:29
114                <action android:name="com.google.android.c2dm.intent.RECEIVE" />
114-->[:firebase_messaging] AndroidManifest.xml:31:17-81
114-->[:firebase_messaging] AndroidManifest.xml:31:25-78
115            </intent-filter>
116        </receiver>
117
118        <service
118-->[:firebase_messaging] AndroidManifest.xml:35:9-39:19
119            android:name="com.google.firebase.components.ComponentDiscoveryService"
119-->[:firebase_messaging] AndroidManifest.xml:35:18-89
120            android:directBootAware="true"
120-->[com.google.firebase:firebase-common:21.0.0] AndroidManifest.xml:32:13-43
121            android:exported="false" >
121-->[com.google.firebase:firebase-messaging:24.1.0] AndroidManifest.xml:56:13-37
122            <meta-data
122-->[:firebase_messaging] AndroidManifest.xml:36:13-38:85
123                android:name="com.google.firebase.components:io.flutter.plugins.firebase.messaging.FlutterFirebaseAppRegistrar"
123-->[:firebase_messaging] AndroidManifest.xml:37:17-128
124                android:value="com.google.firebase.components.ComponentRegistrar" />
124-->[:firebase_messaging] AndroidManifest.xml:38:17-82
125            <meta-data
125-->[:firebase_core] AndroidManifest.xml:9:13-11:85
126                android:name="com.google.firebase.components:io.flutter.plugins.firebase.core.FlutterFirebaseCoreRegistrar"
126-->[:firebase_core] AndroidManifest.xml:10:17-124
127                android:value="com.google.firebase.components.ComponentRegistrar" />
127-->[:firebase_core] AndroidManifest.xml:11:17-82
128            <meta-data
128-->[com.google.firebase:firebase-messaging:24.1.0] AndroidManifest.xml:57:13-59:85
129                android:name="com.google.firebase.components:com.google.firebase.messaging.FirebaseMessagingKtxRegistrar"
129-->[com.google.firebase:firebase-messaging:24.1.0] AndroidManifest.xml:58:17-122
130                android:value="com.google.firebase.components.ComponentRegistrar" />
130-->[com.google.firebase:firebase-messaging:24.1.0] AndroidManifest.xml:59:17-82
131            <meta-data
131-->[com.google.firebase:firebase-messaging:24.1.0] AndroidManifest.xml:60:13-62:85
132                android:name="com.google.firebase.components:com.google.firebase.messaging.FirebaseMessagingRegistrar"
132-->[com.google.firebase:firebase-messaging:24.1.0] AndroidManifest.xml:61:17-119
133                android:value="com.google.firebase.components.ComponentRegistrar" />
133-->[com.google.firebase:firebase-messaging:24.1.0] AndroidManifest.xml:62:17-82
134            <meta-data
134-->[com.google.android.gms:play-services-measurement-api:22.1.2] AndroidManifest.xml:37:13-39:85
135                android:name="com.google.firebase.components:com.google.firebase.analytics.connector.internal.AnalyticsConnectorRegistrar"
135-->[com.google.android.gms:play-services-measurement-api:22.1.2] AndroidManifest.xml:38:17-139
136                android:value="com.google.firebase.components.ComponentRegistrar" />
136-->[com.google.android.gms:play-services-measurement-api:22.1.2] AndroidManifest.xml:39:17-82
137            <meta-data
137-->[com.google.firebase:firebase-installations:18.0.0] AndroidManifest.xml:15:13-17:85
138                android:name="com.google.firebase.components:com.google.firebase.installations.FirebaseInstallationsKtxRegistrar"
138-->[com.google.firebase:firebase-installations:18.0.0] AndroidManifest.xml:16:17-130
139                android:value="com.google.firebase.components.ComponentRegistrar" />
139-->[com.google.firebase:firebase-installations:18.0.0] AndroidManifest.xml:17:17-82
140            <meta-data
140-->[com.google.firebase:firebase-installations:18.0.0] AndroidManifest.xml:18:13-20:85
141                android:name="com.google.firebase.components:com.google.firebase.installations.FirebaseInstallationsRegistrar"
141-->[com.google.firebase:firebase-installations:18.0.0] AndroidManifest.xml:19:17-127
142                android:value="com.google.firebase.components.ComponentRegistrar" />
142-->[com.google.firebase:firebase-installations:18.0.0] AndroidManifest.xml:20:17-82
143            <meta-data
143-->[com.google.firebase:firebase-common-ktx:21.0.0] AndroidManifest.xml:12:13-14:85
144                android:name="com.google.firebase.components:com.google.firebase.ktx.FirebaseCommonLegacyRegistrar"
144-->[com.google.firebase:firebase-common-ktx:21.0.0] AndroidManifest.xml:13:17-116
145                android:value="com.google.firebase.components.ComponentRegistrar" />
145-->[com.google.firebase:firebase-common-ktx:21.0.0] AndroidManifest.xml:14:17-82
146            <meta-data
146-->[com.google.firebase:firebase-common:21.0.0] AndroidManifest.xml:35:13-37:85
147                android:name="com.google.firebase.components:com.google.firebase.FirebaseCommonKtxRegistrar"
147-->[com.google.firebase:firebase-common:21.0.0] AndroidManifest.xml:36:17-109
148                android:value="com.google.firebase.components.ComponentRegistrar" />
148-->[com.google.firebase:firebase-common:21.0.0] AndroidManifest.xml:37:17-82
149            <meta-data
149-->[com.google.firebase:firebase-datatransport:18.2.0] AndroidManifest.xml:25:13-27:85
150                android:name="com.google.firebase.components:com.google.firebase.datatransport.TransportRegistrar"
150-->[com.google.firebase:firebase-datatransport:18.2.0] AndroidManifest.xml:26:17-115
151                android:value="com.google.firebase.components.ComponentRegistrar" />
151-->[com.google.firebase:firebase-datatransport:18.2.0] AndroidManifest.xml:27:17-82
152        </service>
153
154        <provider
154-->[:firebase_messaging] AndroidManifest.xml:41:9-45:38
155            android:name="io.flutter.plugins.firebase.messaging.FlutterFirebaseMessagingInitProvider"
155-->[:firebase_messaging] AndroidManifest.xml:42:13-102
156            android:authorities="com.example.first_app.flutterfirebasemessaginginitprovider"
156-->[:firebase_messaging] AndroidManifest.xml:43:13-88
157            android:exported="false"
157-->[:firebase_messaging] AndroidManifest.xml:44:13-37
158            android:initOrder="99" />
158-->[:firebase_messaging] AndroidManifest.xml:45:13-35
159
160        <service
160-->[:geolocator_android] AndroidManifest.xml:8:9-12:56
161            android:name="com.baseflow.geolocator.GeolocatorLocationService"
161-->[:geolocator_android] AndroidManifest.xml:9:13-77
162            android:enabled="true"
162-->[:geolocator_android] AndroidManifest.xml:10:13-35
163            android:exported="false"
163-->[:geolocator_android] AndroidManifest.xml:11:13-37
164            android:foregroundServiceType="location" />
164-->[:geolocator_android] AndroidManifest.xml:12:13-53
165
166        <receiver
166-->[com.google.firebase:firebase-messaging:24.1.0] AndroidManifest.xml:29:9-40:20
167            android:name="com.google.firebase.iid.FirebaseInstanceIdReceiver"
167-->[com.google.firebase:firebase-messaging:24.1.0] AndroidManifest.xml:30:13-78
168            android:exported="true"
168-->[com.google.firebase:firebase-messaging:24.1.0] AndroidManifest.xml:31:13-36
169            android:permission="com.google.android.c2dm.permission.SEND" >
169-->[com.google.firebase:firebase-messaging:24.1.0] AndroidManifest.xml:32:13-73
170            <intent-filter>
170-->[:firebase_messaging] AndroidManifest.xml:30:13-32:29
171                <action android:name="com.google.android.c2dm.intent.RECEIVE" />
171-->[:firebase_messaging] AndroidManifest.xml:31:17-81
171-->[:firebase_messaging] AndroidManifest.xml:31:25-78
172            </intent-filter>
173
174            <meta-data
174-->[com.google.firebase:firebase-messaging:24.1.0] AndroidManifest.xml:37:13-39:40
175                android:name="com.google.android.gms.cloudmessaging.FINISHED_AFTER_HANDLED"
175-->[com.google.firebase:firebase-messaging:24.1.0] AndroidManifest.xml:38:17-92
176                android:value="true" />
176-->[com.google.firebase:firebase-messaging:24.1.0] AndroidManifest.xml:39:17-37
177        </receiver>
178        <!--
179             FirebaseMessagingService performs security checks at runtime,
180             but set to not exported to explicitly avoid allowing another app to call it.
181        -->
182        <service
182-->[com.google.firebase:firebase-messaging:24.1.0] AndroidManifest.xml:46:9-53:19
183            android:name="com.google.firebase.messaging.FirebaseMessagingService"
183-->[com.google.firebase:firebase-messaging:24.1.0] AndroidManifest.xml:47:13-82
184            android:directBootAware="true"
184-->[com.google.firebase:firebase-messaging:24.1.0] AndroidManifest.xml:48:13-43
185            android:exported="false" >
185-->[com.google.firebase:firebase-messaging:24.1.0] AndroidManifest.xml:49:13-37
186            <intent-filter android:priority="-500" >
186-->[:firebase_messaging] AndroidManifest.xml:21:13-23:29
187                <action android:name="com.google.firebase.MESSAGING_EVENT" />
187-->[:firebase_messaging] AndroidManifest.xml:22:17-78
187-->[:firebase_messaging] AndroidManifest.xml:22:25-75
188            </intent-filter>
189        </service>
190
191        <property
191-->[com.google.android.gms:play-services-measurement-api:22.1.2] AndroidManifest.xml:30:9-32:61
192            android:name="android.adservices.AD_SERVICES_CONFIG"
192-->[com.google.android.gms:play-services-measurement-api:22.1.2] AndroidManifest.xml:31:13-65
193            android:resource="@xml/ga_ad_services_config" />
193-->[com.google.android.gms:play-services-measurement-api:22.1.2] AndroidManifest.xml:32:13-58
194
195        <uses-library
195-->[androidx.window:window:1.2.0] AndroidManifest.xml:23:9-25:40
196            android:name="androidx.window.extensions"
196-->[androidx.window:window:1.2.0] AndroidManifest.xml:24:13-54
197            android:required="false" />
197-->[androidx.window:window:1.2.0] AndroidManifest.xml:25:13-37
198        <uses-library
198-->[androidx.window:window:1.2.0] AndroidManifest.xml:26:9-28:40
199            android:name="androidx.window.sidecar"
199-->[androidx.window:window:1.2.0] AndroidManifest.xml:27:13-51
200            android:required="false" />
200-->[androidx.window:window:1.2.0] AndroidManifest.xml:28:13-37
201
202        <activity
202-->[com.google.android.gms:play-services-auth:21.0.0] AndroidManifest.xml:23:9-27:75
203            android:name="com.google.android.gms.auth.api.signin.internal.SignInHubActivity"
203-->[com.google.android.gms:play-services-auth:21.0.0] AndroidManifest.xml:24:13-93
204            android:excludeFromRecents="true"
204-->[com.google.android.gms:play-services-auth:21.0.0] AndroidManifest.xml:25:13-46
205            android:exported="false"
205-->[com.google.android.gms:play-services-auth:21.0.0] AndroidManifest.xml:26:13-37
206            android:theme="@android:style/Theme.Translucent.NoTitleBar" />
206-->[com.google.android.gms:play-services-auth:21.0.0] AndroidManifest.xml:27:13-72
207        <!--
208            Service handling Google Sign-In user revocation. For apps that do not integrate with
209            Google Sign-In, this service will never be started.
210        -->
211        <service
211-->[com.google.android.gms:play-services-auth:21.0.0] AndroidManifest.xml:33:9-37:51
212            android:name="com.google.android.gms.auth.api.signin.RevocationBoundService"
212-->[com.google.android.gms:play-services-auth:21.0.0] AndroidManifest.xml:34:13-89
213            android:exported="true"
213-->[com.google.android.gms:play-services-auth:21.0.0] AndroidManifest.xml:35:13-36
214            android:permission="com.google.android.gms.auth.api.signin.permission.REVOCATION_NOTIFICATION"
214-->[com.google.android.gms:play-services-auth:21.0.0] AndroidManifest.xml:36:13-107
215            android:visibleToInstantApps="true" />
215-->[com.google.android.gms:play-services-auth:21.0.0] AndroidManifest.xml:37:13-48
216
217        <provider
217-->[com.google.firebase:firebase-common:21.0.0] AndroidManifest.xml:23:9-28:39
218            android:name="com.google.firebase.provider.FirebaseInitProvider"
218-->[com.google.firebase:firebase-common:21.0.0] AndroidManifest.xml:24:13-77
219            android:authorities="com.example.first_app.firebaseinitprovider"
219-->[com.google.firebase:firebase-common:21.0.0] AndroidManifest.xml:25:13-72
220            android:directBootAware="true"
220-->[com.google.firebase:firebase-common:21.0.0] AndroidManifest.xml:26:13-43
221            android:exported="false"
221-->[com.google.firebase:firebase-common:21.0.0] AndroidManifest.xml:27:13-37
222            android:initOrder="100" />
222-->[com.google.firebase:firebase-common:21.0.0] AndroidManifest.xml:28:13-36
223
224        <receiver
224-->[com.google.android.gms:play-services-measurement:22.1.2] AndroidManifest.xml:29:9-33:20
225            android:name="com.google.android.gms.measurement.AppMeasurementReceiver"
225-->[com.google.android.gms:play-services-measurement:22.1.2] AndroidManifest.xml:30:13-85
226            android:enabled="true"
226-->[com.google.android.gms:play-services-measurement:22.1.2] AndroidManifest.xml:31:13-35
227            android:exported="false" >
227-->[com.google.android.gms:play-services-measurement:22.1.2] AndroidManifest.xml:32:13-37
228        </receiver>
229
230        <service
230-->[com.google.android.gms:play-services-measurement:22.1.2] AndroidManifest.xml:35:9-38:40
231            android:name="com.google.android.gms.measurement.AppMeasurementService"
231-->[com.google.android.gms:play-services-measurement:22.1.2] AndroidManifest.xml:36:13-84
232            android:enabled="true"
232-->[com.google.android.gms:play-services-measurement:22.1.2] AndroidManifest.xml:37:13-35
233            android:exported="false" />
233-->[com.google.android.gms:play-services-measurement:22.1.2] AndroidManifest.xml:38:13-37
234        <service
234-->[com.google.android.gms:play-services-measurement:22.1.2] AndroidManifest.xml:39:9-43:72
235            android:name="com.google.android.gms.measurement.AppMeasurementJobService"
235-->[com.google.android.gms:play-services-measurement:22.1.2] AndroidManifest.xml:40:13-87
236            android:enabled="true"
236-->[com.google.android.gms:play-services-measurement:22.1.2] AndroidManifest.xml:41:13-35
237            android:exported="false"
237-->[com.google.android.gms:play-services-measurement:22.1.2] AndroidManifest.xml:42:13-37
238            android:permission="android.permission.BIND_JOB_SERVICE" />
238-->[com.google.android.gms:play-services-measurement:22.1.2] AndroidManifest.xml:43:13-69
239
240        <activity
240-->[com.google.android.gms:play-services-base:18.5.0] AndroidManifest.xml:5:9-173
241            android:name="com.google.android.gms.common.api.GoogleApiActivity"
241-->[com.google.android.gms:play-services-base:18.5.0] AndroidManifest.xml:5:19-85
242            android:exported="false"
242-->[com.google.android.gms:play-services-base:18.5.0] AndroidManifest.xml:5:146-170
243            android:theme="@android:style/Theme.Translucent.NoTitleBar" />
243-->[com.google.android.gms:play-services-base:18.5.0] AndroidManifest.xml:5:86-145
244
245        <uses-library
245-->[androidx.privacysandbox.ads:ads-adservices:1.0.0-beta05] AndroidManifest.xml:23:9-25:40
246            android:name="android.ext.adservices"
246-->[androidx.privacysandbox.ads:ads-adservices:1.0.0-beta05] AndroidManifest.xml:24:13-50
247            android:required="false" />
247-->[androidx.privacysandbox.ads:ads-adservices:1.0.0-beta05] AndroidManifest.xml:25:13-37
248
249        <meta-data
249-->[com.google.android.gms:play-services-basement:18.4.0] AndroidManifest.xml:6:9-122
250            android:name="com.google.android.gms.version"
250-->[com.google.android.gms:play-services-basement:18.4.0] AndroidManifest.xml:6:20-65
251            android:value="@integer/google_play_services_version" />
251-->[com.google.android.gms:play-services-basement:18.4.0] AndroidManifest.xml:6:66-119
252
253        <provider
253-->[androidx.lifecycle:lifecycle-process:2.7.0] AndroidManifest.xml:24:9-32:20
254            android:name="androidx.startup.InitializationProvider"
254-->[androidx.lifecycle:lifecycle-process:2.7.0] AndroidManifest.xml:25:13-67
255            android:authorities="com.example.first_app.androidx-startup"
255-->[androidx.lifecycle:lifecycle-process:2.7.0] AndroidManifest.xml:26:13-68
256            android:exported="false" >
256-->[androidx.lifecycle:lifecycle-process:2.7.0] AndroidManifest.xml:27:13-37
257            <meta-data
257-->[androidx.lifecycle:lifecycle-process:2.7.0] AndroidManifest.xml:29:13-31:52
258                android:name="androidx.lifecycle.ProcessLifecycleInitializer"
258-->[androidx.lifecycle:lifecycle-process:2.7.0] AndroidManifest.xml:30:17-78
259                android:value="androidx.startup" />
259-->[androidx.lifecycle:lifecycle-process:2.7.0] AndroidManifest.xml:31:17-49
260            <meta-data
260-->[androidx.profileinstaller:profileinstaller:1.3.1] AndroidManifest.xml:29:13-31:52
261                android:name="androidx.profileinstaller.ProfileInstallerInitializer"
261-->[androidx.profileinstaller:profileinstaller:1.3.1] AndroidManifest.xml:30:17-85
262                android:value="androidx.startup" />
262-->[androidx.profileinstaller:profileinstaller:1.3.1] AndroidManifest.xml:31:17-49
263        </provider>
264
265        <service
265-->[com.google.android.datatransport:transport-backend-cct:3.1.9] AndroidManifest.xml:28:9-34:19
266            android:name="com.google.android.datatransport.runtime.backends.TransportBackendDiscovery"
266-->[com.google.android.datatransport:transport-backend-cct:3.1.9] AndroidManifest.xml:29:13-103
267            android:exported="false" >
267-->[com.google.android.datatransport:transport-backend-cct:3.1.9] AndroidManifest.xml:30:13-37
268            <meta-data
268-->[com.google.android.datatransport:transport-backend-cct:3.1.9] AndroidManifest.xml:31:13-33:39
269                android:name="backend:com.google.android.datatransport.cct.CctBackendFactory"
269-->[com.google.android.datatransport:transport-backend-cct:3.1.9] AndroidManifest.xml:32:17-94
270                android:value="cct" />
270-->[com.google.android.datatransport:transport-backend-cct:3.1.9] AndroidManifest.xml:33:17-36
271        </service>
272        <service
272-->[com.google.android.datatransport:transport-runtime:3.1.9] AndroidManifest.xml:26:9-30:19
273            android:name="com.google.android.datatransport.runtime.scheduling.jobscheduling.JobInfoSchedulerService"
273-->[com.google.android.datatransport:transport-runtime:3.1.9] AndroidManifest.xml:27:13-117
274            android:exported="false"
274-->[com.google.android.datatransport:transport-runtime:3.1.9] AndroidManifest.xml:28:13-37
275            android:permission="android.permission.BIND_JOB_SERVICE" >
275-->[com.google.android.datatransport:transport-runtime:3.1.9] AndroidManifest.xml:29:13-69
276        </service>
277
278        <receiver
278-->[com.google.android.datatransport:transport-runtime:3.1.9] AndroidManifest.xml:32:9-34:40
279            android:name="com.google.android.datatransport.runtime.scheduling.jobscheduling.AlarmManagerSchedulerBroadcastReceiver"
279-->[com.google.android.datatransport:transport-runtime:3.1.9] AndroidManifest.xml:33:13-132
280            android:exported="false" />
280-->[com.google.android.datatransport:transport-runtime:3.1.9] AndroidManifest.xml:34:13-37
281        <receiver
281-->[androidx.profileinstaller:profileinstaller:1.3.1] AndroidManifest.xml:34:9-52:20
282            android:name="androidx.profileinstaller.ProfileInstallReceiver"
282-->[androidx.profileinstaller:profileinstaller:1.3.1] AndroidManifest.xml:35:13-76
283            android:directBootAware="false"
283-->[androidx.profileinstaller:profileinstaller:1.3.1] AndroidManifest.xml:36:13-44
284            android:enabled="true"
284-->[androidx.profileinstaller:profileinstaller:1.3.1] AndroidManifest.xml:37:13-35
285            android:exported="true"
285-->[androidx.profileinstaller:profileinstaller:1.3.1] AndroidManifest.xml:38:13-36
286            android:permission="android.permission.DUMP" >
286-->[androidx.profileinstaller:profileinstaller:1.3.1] AndroidManifest.xml:39:13-57
287            <intent-filter>
287-->[androidx.profileinstaller:profileinstaller:1.3.1] AndroidManifest.xml:40:13-42:29
288                <action android:name="androidx.profileinstaller.action.INSTALL_PROFILE" />
288-->[androidx.profileinstaller:profileinstaller:1.3.1] AndroidManifest.xml:41:17-91
288-->[androidx.profileinstaller:profileinstaller:1.3.1] AndroidManifest.xml:41:25-88
289            </intent-filter>
290            <intent-filter>
290-->[androidx.profileinstaller:profileinstaller:1.3.1] AndroidManifest.xml:43:13-45:29
291                <action android:name="androidx.profileinstaller.action.SKIP_FILE" />
291-->[androidx.profileinstaller:profileinstaller:1.3.1] AndroidManifest.xml:44:17-85
291-->[androidx.profileinstaller:profileinstaller:1.3.1] AndroidManifest.xml:44:25-82
292            </intent-filter>
293            <intent-filter>
293-->[androidx.profileinstaller:profileinstaller:1.3.1] AndroidManifest.xml:46:13-48:29
294                <action android:name="androidx.profileinstaller.action.SAVE_PROFILE" />